生成启动时间为 2018/9/17 星期一 下午 8:42:25。
     1>项目“C:\Users\Administrator\Downloads\MathF\xlsReader\xlsReader\xlsReader.vcxproj”在节点 2 上(build 个目标)。
     1>InitializeBuildStatus:
         正在创建“Debug\xlsReader.unsuccessfulbuild”，因为已指定“AlwaysCreate”。
       CustomBuild:
         所有输出均为最新。
       ClCompile:
         C:\Program Files (x86)\Microsoft Visual Studio 10.0\VC\bin\CL.exe /c /I.\GeneratedFiles /I. /IC:\Qt\4.8.6\include /I.\GeneratedFiles\Debug /IC:\Qt\4.8.6\include\QtCore /IC:\Qt\4.8.6\include\QtGui /Zi /nologo /W1 /WX- /Od /Oy- /D UNICODE /D WIN32 /D QT_DLL /D QT_CORE_LIB /D QT_GUI_LIB /Gm- /EHsc /MDd /GS /fp:precise /Zc:wchar_t- /Zc:forScope /Fo"Debug\\" /Fd"Debug\vc100.pdb" /Gd /TP /analyze- /errorReport:prompt xlsreader.cpp
         xlsreader.cpp
         所有输出均为最新。
       Link:
         C:\Program Files (x86)\Microsoft Visual Studio 10.0\VC\bin\link.exe /ERRORREPORT:PROMPT /OUT:"C:\Users\Administrator\Downloads\MathF\xlsReader\xlsReader\Win32\Debug\\xlsReader.exe" /NOLOGO /LIBPATH:C:\Qt\4.8.6\lib qtmaind.lib QtCored4.lib QtGuid4.lib QAxContainerd.lib kernel32.lib user32.lib gdi32.lib winspool.lib comdlg32.lib advapi32.lib shell32.lib ole32.lib oleaut32.lib uuid.lib odbc32.lib odbccp32.lib /MANIFEST /ManifestFile:"Debug\xlsReader.exe.intermediate.manifest" /MANIFESTUAC:"level='asInvoker' uiAccess='false'" /DEBUG /PDB:"C:\Users\Administrator\Downloads\MathF\xlsReader\xlsReader\Win32\Debug\xlsReader.pdb" /SUBSYSTEM:WINDOWS /TLBID:1 /DYNAMICBASE /NXCOMPAT /IMPLIB:"C:\Users\Administrator\Downloads\MathF\xlsReader\xlsReader\Win32\Debug\xlsReader.lib" /MACHINE:X86 Debug\moc_xlsreader.obj
         Debug\qrc_xlsreader.obj
         Debug\main.obj
         Debug\readexcel.obj
         Debug\xlsreader.obj
         LINK : 没有找到 C:\Users\Administrator\Downloads\MathF\xlsReader\xlsReader\Win32\Debug\\xlsReader.exe 或上一个增量链接没有生成它；正在执行完全链接
     1>QAxContainerd.lib(qaxbase.obj) : warning LNK4099: 未找到 PDB“vc100.pdb”(使用“QAxContainerd.lib(qaxbase.obj)”或在“C:\Users\Administrator\Downloads\MathF\xlsReader\xlsReader\Win32\Debug\vc100.pdb”中寻找)；正在链接对象，如同没有调试信息一样
     1>QAxContainerd.lib(qaxobject.obj) : warning LNK4099: 未找到 PDB“vc100.pdb”(使用“QAxContainerd.lib(qaxobject.obj)”或在“C:\Users\Administrator\Downloads\MathF\xlsReader\xlsReader\Win32\Debug\vc100.pdb”中寻找)；正在链接对象，如同没有调试信息一样
     1>QAxContainerd.lib(qaxtypes.obj) : warning LNK4099: 未找到 PDB“vc100.pdb”(使用“QAxContainerd.lib(qaxtypes.obj)”或在“C:\Users\Administrator\Downloads\MathF\xlsReader\xlsReader\Win32\Debug\vc100.pdb”中寻找)；正在链接对象，如同没有调试信息一样
         xlsReader.vcxproj -> C:\Users\Administrator\Downloads\MathF\xlsReader\xlsReader\Win32\Debug\xlsReader.exe
       Manifest:
         C:\Program Files (x86)\Microsoft SDKs\Windows\v7.0A\bin\mt.exe /nologo /verbose /outputresource:"C:\Users\Administrator\Downloads\MathF\xlsReader\xlsReader\Win32\Debug\\xlsReader.exe;#1" /manifest Debug\xlsReader.exe.intermediate.manifest
       FinalizeBuildStatus:
         正在删除文件“Debug\xlsReader.unsuccessfulbuild”。
         正在对“Debug\xlsReader.lastbuildstate”执行 Touch 任务。
     1>已完成生成项目“C:\Users\Administrator\Downloads\MathF\xlsReader\xlsReader\xlsReader.vcxproj”(build 个目标)的操作。

生成成功。

已用时间 00:00:04.91
