C:\Users\Administrator\Downloads\MathF\xlsReader\xlsReader\Debug\cl.command.1.tlog
C:\Users\Administrator\Downloads\MathF\xlsReader\xlsReader\Debug\CL.read.1.tlog
C:\Users\Administrator\Downloads\MathF\xlsReader\xlsReader\Debug\CL.write.1.tlog
C:\Users\Administrator\Downloads\MathF\xlsReader\xlsReader\Debug\custombuild.command.1.tlog
C:\Users\Administrator\Downloads\MathF\xlsReader\xlsReader\Debug\custombuild.read.1.tlog
C:\Users\Administrator\Downloads\MathF\xlsReader\xlsReader\Debug\custombuild.write.1.tlog
C:\Users\Administrator\Downloads\MathF\xlsReader\xlsReader\Debug\link.command.1.tlog
C:\Users\Administrator\Downloads\MathF\xlsReader\xlsReader\Debug\link.read.1.tlog
C:\Users\Administrator\Downloads\MathF\xlsReader\xlsReader\Debug\link.write.1.tlog
C:\USERS\ADMINISTRATOR\DOWNLOADS\MATHF\XLSREADER\XLSREADER\DEBUG\MAIN.OBJ
C:\USERS\ADMINISTRATOR\DOWNLOADS\MATHF\XLSREADER\XLSREADER\DEBUG\MOC_XLSREADER.OBJ
C:\USERS\ADMINISTRATOR\DOWNLOADS\MATHF\XLSREADER\XLSREADER\DEBUG\QRC_XLSREADER.OBJ
C:\USERS\ADMINISTRATOR\DOWNLOADS\MATHF\XLSREADER\XLSREADER\DEBUG\READEXCEL.OBJ
C:\USERS\ADMINISTRATOR\DOWNLOADS\MATHF\XLSREADER\XLSREADER\DEBUG\VC100.PDB
C:\Users\Administrator\Downloads\MathF\xlsReader\xlsReader\Debug\xlsReader.exe.intermediate.manifest
C:\USERS\ADMINISTRATOR\DOWNLOADS\MATHF\XLSREADER\XLSREADER\DEBUG\XLSREADER.OBJ
C:\Users\Administrator\Downloads\MathF\xlsReader\xlsReader\Debug\xlsReader.vcxprojResolveAssemblyReference.cache
C:\Users\Administrator\Downloads\MathF\xlsReader\xlsReader\Debug\xlsReader.write.1.tlog
C:\USERS\ADMINISTRATOR\DOWNLOADS\MATHF\XLSREADER\XLSREADER\GENERATEDFILES\DEBUG\MOC_XLSREADER.CPP
C:\USERS\ADMINISTRATOR\DOWNLOADS\MATHF\XLSREADER\XLSREADER\GENERATEDFILES\QRC_XLSREADER.CPP
C:\USERS\ADMINISTRATOR\DOWNLOADS\MATHF\XLSREADER\XLSREADER\GENERATEDFILES\UI_XLSREADER.H
C:\Users\Administrator\Downloads\MathF\xlsReader\xlsReader\Win32\Debug\xlsReader.pdb
