C:\Users\Administrator\Downloads\MathF\GatePlaner\Debug\cl.command.1.tlog
C:\Users\Administrator\Downloads\MathF\GatePlaner\Debug\CL.read.1.tlog
C:\Users\Administrator\Downloads\MathF\GatePlaner\Debug\CL.write.1.tlog
C:\Users\Administrator\Downloads\MathF\GatePlaner\Debug\custombuild.command.1.tlog
C:\Users\Administrator\Downloads\MathF\GatePlaner\Debug\custombuild.read.1.tlog
C:\Users\Administrator\Downloads\MathF\GatePlaner\Debug\custombuild.write.1.tlog
C:\USERS\ADMINISTRATOR\DOWNLOADS\MATHF\GATEPLANER\DEBUG\DATAMANAGER.OBJ
C:\USERS\ADMINISTRATOR\DOWNLOADS\MATHF\GATEPLANER\DEBUG\GATEPLANER.EXE.INTERMEDIATE.MANIFEST
C:\USERS\ADMINISTRATOR\DOWNLOADS\MATHF\GATEPLANER\DEBUG\GATEPLANER.OBJ
C:\Users\Administrator\Downloads\MathF\GatePlaner\Debug\GatePlaner.write.1.tlog
C:\Users\Administrator\Downloads\MathF\GatePlaner\Debug\link.command.1.tlog
C:\Users\Administrator\Downloads\MathF\GatePlaner\Debug\link.read.1.tlog
C:\Users\Administrator\Downloads\MathF\GatePlaner\Debug\link.read.2.tlog
C:\Users\Administrator\Downloads\MathF\GatePlaner\Debug\link.write.1.tlog
C:\USERS\ADMINISTRATOR\DOWNLOADS\MATHF\GATEPLANER\DEBUG\MAIN.OBJ
C:\USERS\ADMINISTRATOR\DOWNLOADS\MATHF\GATEPLANER\DEBUG\MOC_GATEPLANER.OBJ
C:\Users\Administrator\Downloads\MathF\GatePlaner\Debug\mt.command.1.tlog
C:\Users\Administrator\Downloads\MathF\GatePlaner\Debug\mt.read.1.tlog
C:\Users\Administrator\Downloads\MathF\GatePlaner\Debug\mt.write.1.tlog
C:\USERS\ADMINISTRATOR\DOWNLOADS\MATHF\GATEPLANER\DEBUG\QRC_GATEPLANER.OBJ
C:\USERS\ADMINISTRATOR\DOWNLOADS\MATHF\GATEPLANER\DEBUG\READEXCEL.OBJ
C:\USERS\ADMINISTRATOR\DOWNLOADS\MATHF\GATEPLANER\DEBUG\VC100.PDB
C:\USERS\ADMINISTRATOR\DOWNLOADS\MATHF\GATEPLANER\GENERATEDFILES\DEBUG\MOC_GATEPLANER.CPP
C:\USERS\ADMINISTRATOR\DOWNLOADS\MATHF\GATEPLANER\GENERATEDFILES\QRC_GATEPLANER.CPP
C:\USERS\ADMINISTRATOR\DOWNLOADS\MATHF\GATEPLANER\GENERATEDFILES\UI_GATEPLANER.H
C:\USERS\ADMINISTRATOR\DOWNLOADS\MATHF\GATEPLANER\WIN32\DEBUG\GATEPLANER.EXE
C:\USERS\ADMINISTRATOR\DOWNLOADS\MATHF\GATEPLANER\WIN32\DEBUG\GATEPLANER.ILK
C:\USERS\ADMINISTRATOR\DOWNLOADS\MATHF\GATEPLANER\WIN32\DEBUG\GATEPLANER.PDB
