生成启动时间为 2018/9/20 星期四 上午 10:46:44。
     1>项目“C:\Users\Administrator\Downloads\MathF\GatePlaner\GatePlaner.vcxproj”在节点 2 上(build 个目标)。
     1>PrepareForBuild:
         正在创建目录“C:\Users\Administrator\Downloads\MathF\GatePlaner\Win32\Release\”。
       InitializeBuildStatus:
         正在创建“Release\GatePlaner.unsuccessfulbuild”，因为已指定“AlwaysCreate”。
       CustomBuild:
         Moc'ing gateplaner.h...
         Uic'ing gateplaner.ui...
         Rcc'ing gateplaner.qrc...
     1>RCC : warning : No resources in 'C:\Users\Administrator\Downloads\MathF\GatePlaner\gateplaner.qrc'.
         
       ClCompile:
         C:\Program Files (x86)\Microsoft Visual Studio 10.0\VC\bin\CL.exe /c /I.\GeneratedFiles /I. /IC:\Qt\4.8.6\include /I.\GeneratedFiles\Release /IC:\Qt\4.8.6\include\QtCore /IC:\Qt\4.8.6\include\QtGui /IC:\Qt\4.8.6\include\ActiveQt /nologo /W1 /WX- /O2 /Oy- /D UNICODE /D WIN32 /D QT_DLL /D QT_NO_DEBUG /D NDEBUG /D QT_CORE_LIB /D QT_GUI_LIB /Gm- /EHsc /MD /GS /fp:precise /Zc:wchar_t- /Zc:forScope /Fo"Release\\" /Fd"Release\vc100.pdb" /Gd /TP /analyze- /errorReport:prompt DataManager.cpp gateplaner.cpp GeneratedFiles\Release\moc_gateplaner.cpp main.cpp readexcel.cpp
         DataManager.cpp
         gateplaner.cpp
         moc_gateplaner.cpp
         main.cpp
         readexcel.cpp
         正在生成代码...
         C:\Program Files (x86)\Microsoft Visual Studio 10.0\VC\bin\CL.exe /c /I.\GeneratedFiles /I. /IC:\Qt\4.8.6\include /I.\GeneratedFiles\Release /IC:\Qt\4.8.6\include\QtCore /IC:\Qt\4.8.6\include\QtGui /IC:\Qt\4.8.6\include\ActiveQt /nologo /W1 /WX- /O2 /Oy- /D UNICODE /D WIN32 /D QT_DLL /D QT_NO_DEBUG /D NDEBUG /D QT_CORE_LIB /D QT_GUI_LIB /Gm- /EHsc /MD /GS /fp:precise /Zc:wchar_t- /Zc:forScope /Fo"Release\\" /Fd"Release\vc100.pdb" /Gd /TP /analyze- /errorReport:prompt GeneratedFiles\qrc_gateplaner.cpp
         qrc_gateplaner.cpp
       Link:
         C:\Program Files (x86)\Microsoft Visual Studio 10.0\VC\bin\link.exe /ERRORREPORT:PROMPT /OUT:"C:\Users\Administrator\Downloads\MathF\GatePlaner\Win32\Release\\GatePlaner.exe" /NOLOGO /LIBPATH:C:\Qt\4.8.6\lib qtmain.lib QtCore4.lib QtGui4.lib QAxContainer.lib kernel32.lib user32.lib gdi32.lib winspool.lib comdlg32.lib advapi32.lib shell32.lib ole32.lib oleaut32.lib uuid.lib odbc32.lib odbccp32.lib /MANIFEST /ManifestFile:"Release\GatePlaner.exe.intermediate.manifest" /MANIFESTUAC:"level='asInvoker' uiAccess='false'" /PDB:"C:\Users\Administrator\Downloads\MathF\GatePlaner\Win32\Release\GatePlaner.pdb" /SUBSYSTEM:WINDOWS /TLBID:1 /DYNAMICBASE /NXCOMPAT /IMPLIB:"C:\Users\Administrator\Downloads\MathF\GatePlaner\Win32\Release\GatePlaner.lib" /MACHINE:X86 Release\DataManager.obj
         Release\gateplaner.obj
         Release\qrc_gateplaner.obj
         Release\moc_gateplaner.obj
         Release\main.obj
         Release\readexcel.obj
         GatePlaner.vcxproj -> C:\Users\Administrator\Downloads\MathF\GatePlaner\Win32\Release\GatePlaner.exe
       Manifest:
         C:\Program Files (x86)\Microsoft SDKs\Windows\v7.0A\bin\mt.exe /nologo /verbose /outputresource:"C:\Users\Administrator\Downloads\MathF\GatePlaner\Win32\Release\\GatePlaner.exe;#1" /manifest Release\GatePlaner.exe.intermediate.manifest
       FinalizeBuildStatus:
         正在删除文件“Release\GatePlaner.unsuccessfulbuild”。
         正在对“Release\GatePlaner.lastbuildstate”执行 Touch 任务。
     1>已完成生成项目“C:\Users\Administrator\Downloads\MathF\GatePlaner\GatePlaner.vcxproj”(build 个目标)的操作。

生成成功。

已用时间 00:00:13.95
